<?xml version="1.0" encoding="UTF-8"?>
<testsuite name="me.ko.springbootdeveloper.MemberRepositoryTest" tests="1" skipped="0" failures="0" errors="0" timestamp="2024-12-30T11:40:21" hostname="gohyeogjaeui-MacBookPro.local" time="0.468">
  <properties/>
  <testcase name="getAllMembers()" classname="me.ko.springbootdeveloper.MemberRepositoryTest" time="0.468"/>
  <system-out><![CDATA[20:40:19.797 [Test worker] INFO org.springframework.test.context.support.AnnotationConfigContextLoaderUtils -- Could not detect default configuration classes for test class [me.ko.springbootdeveloper.MemberRepositoryTest]: MemberRepositoryTest does not declare any static, non-private, non-final, nested classes annotated with @Configuration.
20:40:19.865 [Test worker] INFO org.springframework.boot.test.context.SpringBootTestContextBootstrapper -- Found @SpringBootConfiguration me.ko.springbootdeveloper.SpringBootDeveloperApplication for test class me.ko.springbootdeveloper.MemberRepositoryTest

  .   ____          _            __ _ _
 /\\ / ___'_ __ _ _(_)_ __  __ _ \ \ \ \
( ( )\___ | '_ | '_| | '_ \/ _` | \ \ \ \
 \\/  ___)| |_)| | | | | || (_| |  ) ) ) )
  '  |____| .__|_| |_|_| |_\__, | / / / /
 =========|_|==============|___/=/_/_/_/
 :: Spring Boot ::                (v3.2.0)

2024-12-30T20:40:20.068+09:00  INFO 92479 --- [    Test worker] m.k.s.MemberRepositoryTest               : Starting MemberRepositoryTest using Java 17.0.11 with PID 92479 (started by koeode in /Users/koeode/Documents/ko/springboot/chapter05)
2024-12-30T20:40:20.069+09:00  INFO 92479 --- [    Test worker] m.k.s.MemberRepositoryTest               : No active profile set, falling back to 1 default profile: "default"
2024-12-30T20:40:20.233+09:00  INFO 92479 --- [    Test worker] .s.d.r.c.RepositoryConfigurationDelegate : Bootstrapping Spring Data JPA repositories in DEFAULT mode.
2024-12-30T20:40:20.262+09:00  INFO 92479 --- [    Test worker] .s.d.r.c.RepositoryConfigurationDelegate : Finished Spring Data repository scanning in 21 ms. Found 1 JPA repository interface.
2024-12-30T20:40:20.285+09:00  INFO 92479 --- [    Test worker] beddedDataSourceBeanFactoryPostProcessor : Replacing 'dataSource' DataSource bean with embedded version
2024-12-30T20:40:20.350+09:00  INFO 92479 --- [    Test worker] o.s.j.d.e.EmbeddedDatabaseFactory        : Starting embedded database: url='jdbc:h2:mem:9764b2b1-5c11-4b4b-85a2-86bebda958e6;DB_CLOSE_DELAY=-1;DB_CLOSE_ON_EXIT=false', username='sa'
2024-12-30T20:40:20.501+09:00  INFO 92479 --- [    Test worker] o.hibernate.jpa.internal.util.LogHelper  : HHH000204: Processing PersistenceUnitInfo [name: default]
2024-12-30T20:40:20.525+09:00  INFO 92479 --- [    Test worker] org.hibernate.Version                    : HHH000412: Hibernate ORM core version 6.3.1.Final
2024-12-30T20:40:20.542+09:00  INFO 92479 --- [    Test worker] o.h.c.internal.RegionFactoryInitiator    : HHH000026: Second-level cache disabled
2024-12-30T20:40:20.663+09:00  INFO 92479 --- [    Test worker] o.s.o.j.p.SpringPersistenceUnitInfo      : No LoadTimeWeaver setup: ignoring JPA class transformer
2024-12-30T20:40:21.064+09:00  INFO 92479 --- [    Test worker] o.h.e.t.j.p.i.JtaPlatformInitiator       : HHH000489: No JTA platform available (set 'hibernate.transaction.jta.platform' to enable JTA platform integration)
Hibernate: drop table if exists member cascade 
Hibernate: create table member (id bigint generated by default as identity, name varchar(255) not null, primary key (id))
2024-12-30T20:40:21.083+09:00  INFO 92479 --- [    Test worker] j.LocalContainerEntityManagerFactoryBean : Initialized JPA EntityManagerFactory for persistence unit 'default'
2024-12-30T20:40:21.237+09:00  INFO 92479 --- [    Test worker] m.k.s.MemberRepositoryTest               : Started MemberRepositoryTest in 1.336 seconds (process running for 1.887)
Hibernate: select m1_0.id,m1_0.name from member m1_0
]]></system-out>
  <system-err><![CDATA[]]></system-err>
</testsuite>
